{"uuid":"2670e4b8-b3ab-40dc-91de-088793653294","historyId":"8a33448bc3d9fa7f4c09d98a1fe04550","fullName":"org.xe.conversion.uat.testcases.XeConversionTestBase.verifyCurrencyConversion","labels":[{"name":"package","value":"org.xe.conversion.uat.testcases.XeConversionTestBase"},{"name":"testClass","value":"org.xe.conversion.uat.testcases.XeConversionTestBase"},{"name":"testMethod","value":"verifyCurrencyConversion"},{"name":"parentSuite","value":"XE Conversion Rate Suite"},{"name":"suite","value":"Demo Test"},{"name":"subSuite","value":"org.xe.conversion.uat.testcases.XeConversionTestBase"},{"name":"host","value":"PrEM"},{"name":"thread","value":"23124@PrEM.main(1)"},{"name":"framework","value":"testng"},{"name":"language","value":"java"},{"name":"story","value":"Story Name: Currency Conversion Core"},{"name":"severity","value":"critical"}],"links":[],"name":"Verify currency conversion functionality","status":"broken","statusDetails":{"known":false,"muted":false,"flaky":false,"message":"element click intercepted: Element <input id=\"midmarketFromCurrency\" type=\"text\" placeholder=\"Type to search...\" spellcheck=\"false\" autocomplete=\"off\" role=\"combobox\" aria-describedby=\"midmarketFromCurrency-current-selection\" aria-owns=\"midmarketFromCurrency-listbox\" aria-activedescendant=\"midmarketFromCurrency-option-0\" aria-haspopup=\"true\" aria-expanded=\"false\" class=\"text-input__TextInput-sc-17mujrb-0 base-combobox__ComboboxInput-iyxb4f-5 jApTut dsBmQO combobox-input\" value=\"\"> is not clickable at point (640, 462). Other element would receive the click: <yld-tag-host-campaign campaignid=\"150467\" componentuuid=\"5bb48858-8006-5694-ba89-5b453edac3c4\" class=\"focus-visible\" data-focus-visible-added=\"\">...</yld-tag-host-campaign>\n  (Session info: chrome=96.0.4664.45)\nBuild info: version: '3.141.59', revision: 'e82be7d358', time: '2018-11-14T08:17:03'\nSystem info: host: 'PREM', ip: '192.168.0.5', os.name: 'Windows 10', os.arch: 'x86', os.version: '10.0', java.version: '1.8.0_161'\nDriver info: org.openqa.selenium.chrome.ChromeDriver\nCapabilities {acceptInsecureCerts: true, browserName: chrome, browserVersion: 96.0.4664.45, chrome: {chromedriverVersion: 96.0.4664.45 (76e4c1bb2ab46..., userDataDir: C:\\Users\\badrin\\AppData\\Loc...}, goog:chromeOptions: {debuggerAddress: localhost:56510}, javascriptEnabled: true, networkConnectionEnabled: false, pageLoadStrategy: normal, platform: WINDOWS, platformName: WINDOWS, proxy: Proxy(), setWindowRect: true, strictFileInteractability: false, timeouts: {implicit: 0, pageLoad: 300000, script: 30000}, unhandledPromptBehavior: dismiss and notify, webauthn:extension:credBlob: true, webauthn:extension:largeBlob: true, webauthn:virtualAuthenticators: true}\nSession ID: 992be8c47bfe99f3290ce946861961df","trace":"org.openqa.selenium.ElementClickInterceptedException: element click intercepted: Element <input id=\"midmarketFromCurrency\" type=\"text\" placeholder=\"Type to search...\" spellcheck=\"false\" autocomplete=\"off\" role=\"combobox\" aria-describedby=\"midmarketFromCurrency-current-selection\" aria-owns=\"midmarketFromCurrency-listbox\" aria-activedescendant=\"midmarketFromCurrency-option-0\" aria-haspopup=\"true\" aria-expanded=\"false\" class=\"text-input__TextInput-sc-17mujrb-0 base-combobox__ComboboxInput-iyxb4f-5 jApTut dsBmQO combobox-input\" value=\"\"> is not clickable at point (640, 462). Other element would receive the click: <yld-tag-host-campaign campaignid=\"150467\" componentuuid=\"5bb48858-8006-5694-ba89-5b453edac3c4\" class=\"focus-visible\" data-focus-visible-added=\"\">...</yld-tag-host-campaign>\n  (Session info: chrome=96.0.4664.45)\nBuild info: version: '3.141.59', revision: 'e82be7d358', time: '2018-11-14T08:17:03'\nSystem info: host: 'PREM', ip: '192.168.0.5', os.name: 'Windows 10', os.arch: 'x86', os.version: '10.0', java.version: '1.8.0_161'\nDriver info: org.openqa.selenium.chrome.ChromeDriver\nCapabilities {acceptInsecureCerts: true, browserName: chrome, browserVersion: 96.0.4664.45, chrome: {chromedriverVersion: 96.0.4664.45 (76e4c1bb2ab46..., userDataDir: C:\\Users\\badrin\\AppData\\Loc...}, goog:chromeOptions: {debuggerAddress: localhost:56510}, javascriptEnabled: true, networkConnectionEnabled: false, pageLoadStrategy: normal, platform: WINDOWS, platformName: WINDOWS, proxy: Proxy(), setWindowRect: true, strictFileInteractability: false, timeouts: {implicit: 0, pageLoad: 300000, script: 30000}, unhandledPromptBehavior: dismiss and notify, webauthn:extension:credBlob: true, webauthn:extension:largeBlob: true, webauthn:virtualAuthenticators: true}\nSession ID: 992be8c47bfe99f3290ce946861961df\r\n\tat sun.reflect.NativeConstructorAccessorImpl.newInstance0(Native Method)\r\n\tat sun.reflect.NativeConstructorAccessorImpl.newInstance(NativeConstructorAccessorImpl.java:62)\r\n\tat sun.reflect.DelegatingConstructorAccessorImpl.newInstance(DelegatingConstructorAccessorImpl.java:45)\r\n\tat java.lang.reflect.Constructor.newInstance(Constructor.java:423)\r\n\tat org.openqa.selenium.remote.http.W3CHttpResponseCodec.createException(W3CHttpResponseCodec.java:187)\r\n\tat org.openqa.selenium.remote.http.W3CHttpResponseCodec.decode(W3CHttpResponseCodec.java:122)\r\n\tat org.openqa.selenium.remote.http.W3CHttpResponseCodec.decode(W3CHttpResponseCodec.java:49)\r\n\tat org.openqa.selenium.remote.HttpCommandExecutor.execute(HttpCommandExecutor.java:158)\r\n\tat org.openqa.selenium.remote.service.DriverCommandExecutor.execute(DriverCommandExecutor.java:83)\r\n\tat org.openqa.selenium.remote.RemoteWebDriver.execute(RemoteWebDriver.java:552)\r\n\tat org.openqa.selenium.remote.RemoteWebElement.execute(RemoteWebElement.java:285)\r\n\tat org.openqa.selenium.remote.RemoteWebElement.click(RemoteWebElement.java:84)\r\n\tat sun.reflect.NativeMethodAccessorImpl.invoke0(Native Method)\r\n\tat sun.reflect.NativeMethodAccessorImpl.invoke(NativeMethodAccessorImpl.java:62)\r\n\tat sun.reflect.DelegatingMethodAccessorImpl.invoke(DelegatingMethodAccessorImpl.java:43)\r\n\tat java.lang.reflect.Method.invoke(Method.java:498)\r\n\tat org.openqa.selenium.support.events.EventFiringWebDriver$EventFiringWebElement.lambda$new$0(EventFiringWebDriver.java:404)\r\n\tat com.sun.proxy.$Proxy23.click(Unknown Source)\r\n\tat org.openqa.selenium.support.events.EventFiringWebDriver$EventFiringWebElement.click(EventFiringWebDriver.java:417)\r\n\tat sun.reflect.NativeMethodAccessorImpl.invoke0(Native Method)\r\n\tat sun.reflect.NativeMethodAccessorImpl.invoke(NativeMethodAccessorImpl.java:62)\r\n\tat sun.reflect.DelegatingMethodAccessorImpl.invoke(DelegatingMethodAccessorImpl.java:43)\r\n\tat java.lang.reflect.Method.invoke(Method.java:498)\r\n\tat org.openqa.selenium.support.pagefactory.internal.LocatingElementHandler.invoke(LocatingElementHandler.java:51)\r\n\tat com.sun.proxy.$Proxy16.click(Unknown Source)\r\n\tat org.xe.conversion.uat.pages.ConvertTab.clickFromCurrency(ConvertTab.java:70)\r\n\tat org.xe.conversion.uat.testcases.XeConversionTestBase.verifyCurrencyConversion(XeConversionTestBase.java:72)\r\n\tat sun.reflect.NativeMethodAccessorImpl.invoke0(Native Method)\r\n\tat sun.reflect.NativeMethodAccessorImpl.invoke(NativeMethodAccessorImpl.java:62)\r\n\tat sun.reflect.DelegatingMethodAccessorImpl.invoke(DelegatingMethodAccessorImpl.java:43)\r\n\tat java.lang.reflect.Method.invoke(Method.java:498)\r\n\tat org.testng.internal.MethodInvocationHelper.invokeMethod(MethodInvocationHelper.java:132)\r\n\tat org.testng.internal.TestInvoker.invokeMethod(TestInvoker.java:599)\r\n\tat org.testng.internal.TestInvoker.invokeTestMethod(TestInvoker.java:174)\r\n\tat org.testng.internal.MethodRunner.runInSequence(MethodRunner.java:46)\r\n\tat org.testng.internal.TestInvoker$MethodInvocationAgent.invoke(TestInvoker.java:822)\r\n\tat org.testng.internal.TestInvoker.invokeTestMethods(TestInvoker.java:147)\r\n\tat org.testng.internal.TestMethodWorker.invokeTestMethods(TestMethodWorker.java:146)\r\n\tat org.testng.internal.TestMethodWorker.run(TestMethodWorker.java:128)\r\n\tat java.util.ArrayList.forEach(ArrayList.java:1257)\r\n\tat org.testng.TestRunner.privateRun(TestRunner.java:764)\r\n\tat org.testng.TestRunner.run(TestRunner.java:585)\r\n\tat org.testng.SuiteRunner.runTest(SuiteRunner.java:384)\r\n\tat org.testng.SuiteRunner.runSequentially(SuiteRunner.java:378)\r\n\tat org.testng.SuiteRunner.privateRun(SuiteRunner.java:337)\r\n\tat org.testng.SuiteRunner.run(SuiteRunner.java:286)\r\n\tat org.testng.SuiteRunnerWorker.runSuite(SuiteRunnerWorker.java:53)\r\n\tat org.testng.SuiteRunnerWorker.run(SuiteRunnerWorker.java:96)\r\n\tat org.testng.TestNG.runSuitesSequentially(TestNG.java:1218)\r\n\tat org.testng.TestNG.runSuitesLocally(TestNG.java:1140)\r\n\tat org.testng.TestNG.runSuites(TestNG.java:1069)\r\n\tat org.testng.TestNG.run(TestNG.java:1037)\r\n\tat org.apache.maven.surefire.testng.TestNGExecutor.run(TestNGExecutor.java:284)\r\n\tat org.apache.maven.surefire.testng.TestNGXmlTestSuite.execute(TestNGXmlTestSuite.java:75)\r\n\tat org.apache.maven.surefire.testng.TestNGProvider.invoke(TestNGProvider.java:119)\r\n\tat org.apache.maven.surefire.booter.ForkedBooter.runSuitesInProcess(ForkedBooter.java:428)\r\n\tat org.apache.maven.surefire.booter.ForkedBooter.execute(ForkedBooter.java:162)\r\n\tat org.apache.maven.surefire.booter.ForkedBooter.run(ForkedBooter.java:562)\r\n\tat org.apache.maven.surefire.booter.ForkedBooter.main(ForkedBooter.java:548)\r\n"},"stage":"finished","description":"Test Description: Verify currency conversion functionality","steps":[{"name":"navigate convert tab","status":"passed","stage":"finished","steps":[],"attachments":[{"name":"Found Element By : By.xpath: //span[@class='tab-text' and .='Convert']/parent::a, ScreenName: HomePage, ElementText (or) Name: Convert","source":"c2c31221-8423-4148-b891-9ae57b2e9c17-attachment","type":"image/png"}],"parameters":[],"start":1637785372828,"stop":1637785374108},{"name":"Wait for convert tab to be visible","status":"passed","stage":"finished","steps":[],"attachments":[],"parameters":[],"start":1637785374108,"stop":1637785375655},{"name":"Keyin the value 5 in Amount Field","status":"passed","stage":"finished","steps":[],"attachments":[{"name":"Found Element By : By.xpath: //input[@id='amount'], ScreenName: ConvertTab, ElementText (or) Name: ","source":"c680cb6d-c5f1-47d6-809b-b957361d7693-attachment","type":"image/png"}],"parameters":[{"name":"amt","value":"5"}],"start":1637785375660,"stop":1637785377305},{"name":"Click on from currency list","status":"broken","statusDetails":{"known":false,"muted":false,"flaky":false,"message":"element click intercepted: Element <input id=\"midmarketFromCurrency\" type=\"text\" placeholder=\"Type to search...\" spellcheck=\"false\" autocomplete=\"off\" role=\"combobox\" aria-describedby=\"midmarketFromCurrency-current-selection\" aria-owns=\"midmarketFromCurrency-listbox\" aria-activedescendant=\"midmarketFromCurrency-option-0\" aria-haspopup=\"true\" aria-expanded=\"false\" class=\"text-input__TextInput-sc-17mujrb-0 base-combobox__ComboboxInput-iyxb4f-5 jApTut dsBmQO combobox-input\" value=\"\"> is not clickable at point (640, 462). Other element would receive the click: <yld-tag-host-campaign campaignid=\"150467\" componentuuid=\"5bb48858-8006-5694-ba89-5b453edac3c4\" class=\"focus-visible\" data-focus-visible-added=\"\">...</yld-tag-host-campaign>\n  (Session info: chrome=96.0.4664.45)\nBuild info: version: '3.141.59', revision: 'e82be7d358', time: '2018-11-14T08:17:03'\nSystem info: host: 'PREM', ip: '192.168.0.5', os.name: 'Windows 10', os.arch: 'x86', os.version: '10.0', java.version: '1.8.0_161'\nDriver info: org.openqa.selenium.chrome.ChromeDriver\nCapabilities {acceptInsecureCerts: true, browserName: chrome, browserVersion: 96.0.4664.45, chrome: {chromedriverVersion: 96.0.4664.45 (76e4c1bb2ab46..., userDataDir: C:\\Users\\badrin\\AppData\\Loc...}, goog:chromeOptions: {debuggerAddress: localhost:56510}, javascriptEnabled: true, networkConnectionEnabled: false, pageLoadStrategy: normal, platform: WINDOWS, platformName: WINDOWS, proxy: Proxy(), setWindowRect: true, strictFileInteractability: false, timeouts: {implicit: 0, pageLoad: 300000, script: 30000}, unhandledPromptBehavior: dismiss and notify, webauthn:extension:credBlob: true, webauthn:extension:largeBlob: true, webauthn:virtualAuthenticators: true}\nSession ID: 992be8c47bfe99f3290ce946861961df","trace":"org.openqa.selenium.ElementClickInterceptedException: element click intercepted: Element <input id=\"midmarketFromCurrency\" type=\"text\" placeholder=\"Type to search...\" spellcheck=\"false\" autocomplete=\"off\" role=\"combobox\" aria-describedby=\"midmarketFromCurrency-current-selection\" aria-owns=\"midmarketFromCurrency-listbox\" aria-activedescendant=\"midmarketFromCurrency-option-0\" aria-haspopup=\"true\" aria-expanded=\"false\" class=\"text-input__TextInput-sc-17mujrb-0 base-combobox__ComboboxInput-iyxb4f-5 jApTut dsBmQO combobox-input\" value=\"\"> is not clickable at point (640, 462). Other element would receive the click: <yld-tag-host-campaign campaignid=\"150467\" componentuuid=\"5bb48858-8006-5694-ba89-5b453edac3c4\" class=\"focus-visible\" data-focus-visible-added=\"\">...</yld-tag-host-campaign>\n  (Session info: chrome=96.0.4664.45)\nBuild info: version: '3.141.59', revision: 'e82be7d358', time: '2018-11-14T08:17:03'\nSystem info: host: 'PREM', ip: '192.168.0.5', os.name: 'Windows 10', os.arch: 'x86', os.version: '10.0', java.version: '1.8.0_161'\nDriver info: org.openqa.selenium.chrome.ChromeDriver\nCapabilities {acceptInsecureCerts: true, browserName: chrome, browserVersion: 96.0.4664.45, chrome: {chromedriverVersion: 96.0.4664.45 (76e4c1bb2ab46..., userDataDir: C:\\Users\\badrin\\AppData\\Loc...}, goog:chromeOptions: {debuggerAddress: localhost:56510}, javascriptEnabled: true, networkConnectionEnabled: false, pageLoadStrategy: normal, platform: WINDOWS, platformName: WINDOWS, proxy: Proxy(), setWindowRect: true, strictFileInteractability: false, timeouts: {implicit: 0, pageLoad: 300000, script: 30000}, unhandledPromptBehavior: dismiss and notify, webauthn:extension:credBlob: true, webauthn:extension:largeBlob: true, webauthn:virtualAuthenticators: true}\nSession ID: 992be8c47bfe99f3290ce946861961df\r\n\tat sun.reflect.NativeConstructorAccessorImpl.newInstance0(Native Method)\r\n\tat sun.reflect.NativeConstructorAccessorImpl.newInstance(NativeConstructorAccessorImpl.java:62)\r\n\tat sun.reflect.DelegatingConstructorAccessorImpl.newInstance(DelegatingConstructorAccessorImpl.java:45)\r\n\tat java.lang.reflect.Constructor.newInstance(Constructor.java:423)\r\n\tat org.openqa.selenium.remote.http.W3CHttpResponseCodec.createException(W3CHttpResponseCodec.java:187)\r\n\tat org.openqa.selenium.remote.http.W3CHttpResponseCodec.decode(W3CHttpResponseCodec.java:122)\r\n\tat org.openqa.selenium.remote.http.W3CHttpResponseCodec.decode(W3CHttpResponseCodec.java:49)\r\n\tat org.openqa.selenium.remote.HttpCommandExecutor.execute(HttpCommandExecutor.java:158)\r\n\tat org.openqa.selenium.remote.service.DriverCommandExecutor.execute(DriverCommandExecutor.java:83)\r\n\tat org.openqa.selenium.remote.RemoteWebDriver.execute(RemoteWebDriver.java:552)\r\n\tat org.openqa.selenium.remote.RemoteWebElement.execute(RemoteWebElement.java:285)\r\n\tat org.openqa.selenium.remote.RemoteWebElement.click(RemoteWebElement.java:84)\r\n\tat sun.reflect.NativeMethodAccessorImpl.invoke0(Native Method)\r\n\tat sun.reflect.NativeMethodAccessorImpl.invoke(NativeMethodAccessorImpl.java:62)\r\n\tat sun.reflect.DelegatingMethodAccessorImpl.invoke(DelegatingMethodAccessorImpl.java:43)\r\n\tat java.lang.reflect.Method.invoke(Method.java:498)\r\n\tat org.openqa.selenium.support.events.EventFiringWebDriver$EventFiringWebElement.lambda$new$0(EventFiringWebDriver.java:404)\r\n\tat com.sun.proxy.$Proxy23.click(Unknown Source)\r\n\tat org.openqa.selenium.support.events.EventFiringWebDriver$EventFiringWebElement.click(EventFiringWebDriver.java:417)\r\n\tat sun.reflect.NativeMethodAccessorImpl.invoke0(Native Method)\r\n\tat sun.reflect.NativeMethodAccessorImpl.invoke(NativeMethodAccessorImpl.java:62)\r\n\tat sun.reflect.DelegatingMethodAccessorImpl.invoke(DelegatingMethodAccessorImpl.java:43)\r\n\tat java.lang.reflect.Method.invoke(Method.java:498)\r\n\tat org.openqa.selenium.support.pagefactory.internal.LocatingElementHandler.invoke(LocatingElementHandler.java:51)\r\n\tat com.sun.proxy.$Proxy16.click(Unknown Source)\r\n\tat org.xe.conversion.uat.pages.ConvertTab.clickFromCurrency(ConvertTab.java:70)\r\n\tat org.xe.conversion.uat.testcases.XeConversionTestBase.verifyCurrencyConversion(XeConversionTestBase.java:72)\r\n\tat sun.reflect.NativeMethodAccessorImpl.invoke0(Native Method)\r\n\tat sun.reflect.NativeMethodAccessorImpl.invoke(NativeMethodAccessorImpl.java:62)\r\n\tat sun.reflect.DelegatingMethodAccessorImpl.invoke(DelegatingMethodAccessorImpl.java:43)\r\n\tat java.lang.reflect.Method.invoke(Method.java:498)\r\n\tat org.testng.internal.MethodInvocationHelper.invokeMethod(MethodInvocationHelper.java:132)\r\n\tat org.testng.internal.TestInvoker.invokeMethod(TestInvoker.java:599)\r\n\tat org.testng.internal.TestInvoker.invokeTestMethod(TestInvoker.java:174)\r\n\tat org.testng.internal.MethodRunner.runInSequence(MethodRunner.java:46)\r\n\tat org.testng.internal.TestInvoker$MethodInvocationAgent.invoke(TestInvoker.java:822)\r\n\tat org.testng.internal.TestInvoker.invokeTestMethods(TestInvoker.java:147)\r\n\tat org.testng.internal.TestMethodWorker.invokeTestMethods(TestMethodWorker.java:146)\r\n\tat org.testng.internal.TestMethodWorker.run(TestMethodWorker.java:128)\r\n\tat java.util.ArrayList.forEach(ArrayList.java:1257)\r\n\tat org.testng.TestRunner.privateRun(TestRunner.java:764)\r\n\tat org.testng.TestRunner.run(TestRunner.java:585)\r\n\tat org.testng.SuiteRunner.runTest(SuiteRunner.java:384)\r\n\tat org.testng.SuiteRunner.runSequentially(SuiteRunner.java:378)\r\n\tat org.testng.SuiteRunner.privateRun(SuiteRunner.java:337)\r\n\tat org.testng.SuiteRunner.run(SuiteRunner.java:286)\r\n\tat org.testng.SuiteRunnerWorker.runSuite(SuiteRunnerWorker.java:53)\r\n\tat org.testng.SuiteRunnerWorker.run(SuiteRunnerWorker.java:96)\r\n\tat org.testng.TestNG.runSuitesSequentially(TestNG.java:1218)\r\n\tat org.testng.TestNG.runSuitesLocally(TestNG.java:1140)\r\n\tat org.testng.TestNG.runSuites(TestNG.java:1069)\r\n\tat org.testng.TestNG.run(TestNG.java:1037)\r\n\tat org.apache.maven.surefire.testng.TestNGExecutor.run(TestNGExecutor.java:284)\r\n\tat org.apache.maven.surefire.testng.TestNGXmlTestSuite.execute(TestNGXmlTestSuite.java:75)\r\n\tat org.apache.maven.surefire.testng.TestNGProvider.invoke(TestNGProvider.java:119)\r\n\tat org.apache.maven.surefire.booter.ForkedBooter.runSuitesInProcess(ForkedBooter.java:428)\r\n\tat org.apache.maven.surefire.booter.ForkedBooter.execute(ForkedBooter.java:162)\r\n\tat org.apache.maven.surefire.booter.ForkedBooter.run(ForkedBooter.java:562)\r\n\tat org.apache.maven.surefire.booter.ForkedBooter.main(ForkedBooter.java:548)\r\n"},"stage":"finished","steps":[],"attachments":[{"name":"Trying to click on: [[ChromeDriver] -> id: midmarketFromCurrency] | ScreenName: ConvertTab, ElementText (or) Name: ","source":"5d81791b-56e8-4725-be10-156cd40ca238-attachment","type":"image/png"}],"parameters":[],"start":1637785377305,"stop":1637785379530}],"attachments":[],"parameters":[{"name":"arg2","value":"USD"},{"name":"arg1","value":"EUR"},{"name":"arg0","value":"5"}],"start":1637785372822,"stop":1637785379534}