<?xml version="1.0" encoding="UTF-8"?>
<testng-results skipped="0" failed="2" ignored="0"
	total="7" passed="5">
	<reporter-output>
	</reporter-output>
	<suite name="Default suite" duration-ms="160536"
		started-at="2021-11-24T22:58:06 IST"
		finished-at="2021-11-24T23:00:47 IST">
		<groups>
		</groups>
		<test name="Default test" duration-ms="160536"
			started-at="2021-11-24T22:58:06 IST"
			finished-at="2021-11-24T23:00:47 IST">
			<class
				name="org.xe.conversion.uat.testcases.XeConversionTestBase">
				<test-method status="PASS"
					signature="setup()[pri:0, instance:org.xe.conversion.uat.testcases.XeConversionTestBase@10fd1]"
					name="setup" is-config="true" duration-ms="15094"
					started-at="2021-11-24T22:57:51 IST"
					finished-at="2021-11-24T22:58:06 IST">
					<reporter-output>
					</reporter-output>
				</test-method> <!-- setup -->
				<test-method status="PASS"
					signature="areWeInXeHomePage()[pri:1, instance:org.xe.conversion.uat.testcases.XeConversionTestBase@10fd1]"
					name="areWeInXeHomePage" duration-ms="1149"
					started-at="2021-11-24T22:58:06 IST"
					description="Verify the XE Currency Conversion Application Launched"
					finished-at="2021-11-24T22:58:08 IST">
					<reporter-output>
					</reporter-output>
				</test-method> <!-- areWeInXeHomePage -->
				<test-method status="FAIL"
					signature="verifyCurrencyConversion(java.lang.String, java.lang.String, java.lang.String)[pri:2, instance:org.xe.conversion.uat.testcases.XeConversionTestBase@10fd1]"
					name="verifyCurrencyConversion" duration-ms="1830"
					started-at="2021-11-24T22:58:08 IST"
					description="Verify currency conversion functionality"
					data-provider="currencyConversionData"
					finished-at="2021-11-24T22:58:10 IST">
					<params>
						<param index="0">
							<value>
                <![CDATA[5]]>
							</value>
						</param>
						<param index="1">
							<value>
                <![CDATA[EUR]]>
							</value>
						</param>
						<param index="2">
							<value>
                <![CDATA[USD]]>
							</value>
						</param>
					</params>
					<exception class="java.lang.AssertionError">
						<message>
              <![CDATA[Covert Tab should be the default the tab in home page expected [true] but found [false]]]>
						</message>
						<full-stacktrace>
              <![CDATA[java.lang.AssertionError: Covert Tab should be the default the tab in home page expected [true] but found [false]
at org.testng.Assert.fail(Assert.java:99)
at org.testng.Assert.failNotEquals(Assert.java:1037)
at org.testng.Assert.assertEqualsImpl(Assert.java:140)
at org.testng.Assert.assertEquals(Assert.java:122)
at org.testng.Assert.assertEquals(Assert.java:819)
at org.testng.asserts.Assertion$18.doAssert(Assertion.java:258)
at org.testng.asserts.Assertion.executeAssert(Assertion.java:25)
at org.testng.asserts.Assertion.doAssert(Assertion.java:12)
at org.testng.asserts.Assertion.assertEquals(Assertion.java:254)
at org.xe.conversion.uat.testcases.XeConversionTestBase.verifyCurrencyConversion(XeConversionTestBase.java:71)
at sun.reflect.NativeMethodAccessorImpl.invoke0(Native Method)
at sun.reflect.NativeMethodAccessorImpl.invoke(NativeMethodAccessorImpl.java:62)
at sun.reflect.DelegatingMethodAccessorImpl.invoke(DelegatingMethodAccessorImpl.java:43)
at java.lang.reflect.Method.invoke(Method.java:498)
at org.testng.internal.MethodInvocationHelper.invokeMethod(MethodInvocationHelper.java:132)
at org.testng.internal.TestInvoker.invokeMethod(TestInvoker.java:599)
at org.testng.internal.TestInvoker.invokeTestMethod(TestInvoker.java:174)
at org.testng.internal.MethodRunner.runInSequence(MethodRunner.java:46)
at org.testng.internal.TestInvoker$MethodInvocationAgent.invoke(TestInvoker.java:822)
at org.testng.internal.TestInvoker.invokeTestMethods(TestInvoker.java:147)
at org.testng.internal.TestMethodWorker.invokeTestMethods(TestMethodWorker.java:146)
at org.testng.internal.TestMethodWorker.run(TestMethodWorker.java:128)
at java.util.ArrayList.forEach(ArrayList.java:1257)
at org.testng.TestRunner.privateRun(TestRunner.java:764)
at org.testng.TestRunner.run(TestRunner.java:585)
at org.testng.SuiteRunner.runTest(SuiteRunner.java:384)
at org.testng.SuiteRunner.runSequentially(SuiteRunner.java:378)
at org.testng.SuiteRunner.privateRun(SuiteRunner.java:337)
at org.testng.SuiteRunner.run(SuiteRunner.java:286)
at org.testng.SuiteRunnerWorker.runSuite(SuiteRunnerWorker.java:53)
at org.testng.SuiteRunnerWorker.run(SuiteRunnerWorker.java:96)
at org.testng.TestNG.runSuitesSequentially(TestNG.java:1218)
at org.testng.TestNG.runSuitesLocally(TestNG.java:1140)
at org.testng.TestNG.runSuites(TestNG.java:1069)
at org.testng.TestNG.run(TestNG.java:1037)
at org.testng.remote.AbstractRemoteTestNG.run(AbstractRemoteTestNG.java:115)
at org.testng.remote.RemoteTestNG.initAndRun(RemoteTestNG.java:251)
at org.testng.remote.RemoteTestNG.main(RemoteTestNG.java:77)
]]>
						</full-stacktrace>
					</exception> <!-- java.lang.AssertionError -->
					<reporter-output>
					</reporter-output>
				</test-method> <!-- verifyCurrencyConversion -->
				<test-method status="FAIL"
					signature="verifyCurrencyConversion(java.lang.String, java.lang.String, java.lang.String)[pri:2, instance:org.xe.conversion.uat.testcases.XeConversionTestBase@10fd1]"
					name="verifyCurrencyConversion" duration-ms="5709"
					started-at="2021-11-24T22:58:10 IST"
					description="Verify currency conversion functionality"
					data-provider="currencyConversionData"
					finished-at="2021-11-24T22:58:15 IST">
					<params>
						<param index="0">
							<value>
                <![CDATA[3]]>
							</value>
						</param>
						<param index="1">
							<value>
                <![CDATA[USD]]>
							</value>
						</param>
						<param index="2">
							<value>
                <![CDATA[GBP]]>
							</value>
						</param>
					</params>
					<exception
						class="org.openqa.selenium.ElementClickInterceptedException">
						<message>
              <![CDATA[element click intercepted: Element <input id="midmarketFromCurrency" type="text" placeholder="Type to search..." spellcheck="false" autocomplete="off" role="combobox" aria-describedby="midmarketFromCurrency-current-selection" aria-owns="midmarketFromCurrency-listbox" aria-activedescendant="midmarketFromCurrency-option-0" aria-haspopup="true" aria-expanded="false" class="text-input__TextInput-sc-17mujrb-0 base-combobox__ComboboxInput-iyxb4f-5 jApTut dsBmQO combobox-input" value=""> is not clickable at point (640, 462). Other element would receive the click: <yld-tag-host-campaign campaignid="150467" componentuuid="5bb48858-8006-5694-ba89-5b453edac3c4" class="focus-visible" data-focus-visible-added="">...</yld-tag-host-campaign>
  (Session info: chrome=96.0.4664.45)
Build info: version: '3.141.59', revision: 'e82be7d358', time: '2018-11-14T08:17:03'
System info: host: 'PREM', ip: '192.168.0.5', os.name: 'Windows 10', os.arch: 'x86', os.version: '10.0', java.version: '1.8.0_161'
Driver info: org.openqa.selenium.chrome.ChromeDriver
Capabilities {acceptInsecureCerts: true, browserName: chrome, browserVersion: 96.0.4664.45, chrome: {chromedriverVersion: 96.0.4664.45 (76e4c1bb2ab46..., userDataDir: C:\Users\badrin\AppData\Loc...}, goog:chromeOptions: {debuggerAddress: localhost:49881}, javascriptEnabled: true, networkConnectionEnabled: false, pageLoadStrategy: normal, platform: WINDOWS, platformName: WINDOWS, proxy: Proxy(), setWindowRect: true, strictFileInteractability: false, timeouts: {implicit: 0, pageLoad: 300000, script: 30000}, unhandledPromptBehavior: dismiss and notify, webauthn:extension:credBlob: true, webauthn:extension:largeBlob: true, webauthn:virtualAuthenticators: true}
Session ID: e04f28c29f8918ef23494ca1f8e1d98e]]>
						</message>
						<full-stacktrace>
              <![CDATA[org.openqa.selenium.ElementClickInterceptedException: element click intercepted: Element <input id="midmarketFromCurrency" type="text" placeholder="Type to search..." spellcheck="false" autocomplete="off" role="combobox" aria-describedby="midmarketFromCurrency-current-selection" aria-owns="midmarketFromCurrency-listbox" aria-activedescendant="midmarketFromCurrency-option-0" aria-haspopup="true" aria-expanded="false" class="text-input__TextInput-sc-17mujrb-0 base-combobox__ComboboxInput-iyxb4f-5 jApTut dsBmQO combobox-input" value=""> is not clickable at point (640, 462). Other element would receive the click: <yld-tag-host-campaign campaignid="150467" componentuuid="5bb48858-8006-5694-ba89-5b453edac3c4" class="focus-visible" data-focus-visible-added="">...</yld-tag-host-campaign>
  (Session info: chrome=96.0.4664.45)
Build info: version: '3.141.59', revision: 'e82be7d358', time: '2018-11-14T08:17:03'
System info: host: 'PREM', ip: '192.168.0.5', os.name: 'Windows 10', os.arch: 'x86', os.version: '10.0', java.version: '1.8.0_161'
Driver info: org.openqa.selenium.chrome.ChromeDriver
Capabilities {acceptInsecureCerts: true, browserName: chrome, browserVersion: 96.0.4664.45, chrome: {chromedriverVersion: 96.0.4664.45 (76e4c1bb2ab46..., userDataDir: C:\Users\badrin\AppData\Loc...}, goog:chromeOptions: {debuggerAddress: localhost:49881}, javascriptEnabled: true, networkConnectionEnabled: false, pageLoadStrategy: normal, platform: WINDOWS, platformName: WINDOWS, proxy: Proxy(), setWindowRect: true, strictFileInteractability: false, timeouts: {implicit: 0, pageLoad: 300000, script: 30000}, unhandledPromptBehavior: dismiss and notify, webauthn:extension:credBlob: true, webauthn:extension:largeBlob: true, webauthn:virtualAuthenticators: true}
Session ID: e04f28c29f8918ef23494ca1f8e1d98e
at sun.reflect.NativeConstructorAccessorImpl.newInstance0(Native Method)
at sun.reflect.NativeConstructorAccessorImpl.newInstance(NativeConstructorAccessorImpl.java:62)
at sun.reflect.DelegatingConstructorAccessorImpl.newInstance(DelegatingConstructorAccessorImpl.java:45)
at java.lang.reflect.Constructor.newInstance(Constructor.java:423)
at org.openqa.selenium.remote.http.W3CHttpResponseCodec.createException(W3CHttpResponseCodec.java:187)
at org.openqa.selenium.remote.http.W3CHttpResponseCodec.decode(W3CHttpResponseCodec.java:122)
at org.openqa.selenium.remote.http.W3CHttpResponseCodec.decode(W3CHttpResponseCodec.java:49)
at org.openqa.selenium.remote.HttpCommandExecutor.execute(HttpCommandExecutor.java:158)
at org.openqa.selenium.remote.service.DriverCommandExecutor.execute(DriverCommandExecutor.java:83)
at org.openqa.selenium.remote.RemoteWebDriver.execute(RemoteWebDriver.java:552)
at org.openqa.selenium.remote.RemoteWebElement.execute(RemoteWebElement.java:285)
at org.openqa.selenium.remote.RemoteWebElement.click(RemoteWebElement.java:84)
at sun.reflect.NativeMethodAccessorImpl.invoke0(Native Method)
at sun.reflect.NativeMethodAccessorImpl.invoke(NativeMethodAccessorImpl.java:62)
at sun.reflect.DelegatingMethodAccessorImpl.invoke(DelegatingMethodAccessorImpl.java:43)
at java.lang.reflect.Method.invoke(Method.java:498)
at org.openqa.selenium.support.events.EventFiringWebDriver$EventFiringWebElement.lambda$new$0(EventFiringWebDriver.java:404)
at com.sun.proxy.$Proxy24.click(Unknown Source)
at org.openqa.selenium.support.events.EventFiringWebDriver$EventFiringWebElement.click(EventFiringWebDriver.java:417)
at sun.reflect.NativeMethodAccessorImpl.invoke0(Native Method)
at sun.reflect.NativeMethodAccessorImpl.invoke(NativeMethodAccessorImpl.java:62)
at sun.reflect.DelegatingMethodAccessorImpl.invoke(DelegatingMethodAccessorImpl.java:43)
at java.lang.reflect.Method.invoke(Method.java:498)
at org.openqa.selenium.support.pagefactory.internal.LocatingElementHandler.invoke(LocatingElementHandler.java:51)
at com.sun.proxy.$Proxy18.click(Unknown Source)
at org.xe.conversion.uat.pages.ConvertTab.clickFromCurrency(ConvertTab.java:72)
at org.xe.conversion.uat.testcases.XeConversionTestBase.verifyCurrencyConversion(XeConversionTestBase.java:74)
at sun.reflect.NativeMethodAccessorImpl.invoke0(Native Method)
at sun.reflect.NativeMethodAccessorImpl.invoke(NativeMethodAccessorImpl.java:62)
at sun.reflect.DelegatingMethodAccessorImpl.invoke(DelegatingMethodAccessorImpl.java:43)
at java.lang.reflect.Method.invoke(Method.java:498)
at org.testng.internal.MethodInvocationHelper.invokeMethod(MethodInvocationHelper.java:132)
at org.testng.internal.TestInvoker.invokeMethod(TestInvoker.java:599)
at org.testng.internal.TestInvoker.invokeTestMethod(TestInvoker.java:174)
at org.testng.internal.MethodRunner.runInSequence(MethodRunner.java:46)
at org.testng.internal.TestInvoker$MethodInvocationAgent.invoke(TestInvoker.java:822)
at org.testng.internal.TestInvoker.invokeTestMethods(TestInvoker.java:147)
at org.testng.internal.TestMethodWorker.invokeTestMethods(TestMethodWorker.java:146)
at org.testng.internal.TestMethodWorker.run(TestMethodWorker.java:128)
at java.util.ArrayList.forEach(ArrayList.java:1257)
at org.testng.TestRunner.privateRun(TestRunner.java:764)
at org.testng.TestRunner.run(TestRunner.java:585)
at org.testng.SuiteRunner.runTest(SuiteRunner.java:384)
at org.testng.SuiteRunner.runSequentially(SuiteRunner.java:378)
at org.testng.SuiteRunner.privateRun(SuiteRunner.java:337)
at org.testng.SuiteRunner.run(SuiteRunner.java:286)
at org.testng.SuiteRunnerWorker.runSuite(SuiteRunnerWorker.java:53)
at org.testng.SuiteRunnerWorker.run(SuiteRunnerWorker.java:96)
at org.testng.TestNG.runSuitesSequentially(TestNG.java:1218)
at org.testng.TestNG.runSuitesLocally(TestNG.java:1140)
at org.testng.TestNG.runSuites(TestNG.java:1069)
at org.testng.TestNG.run(TestNG.java:1037)
at org.testng.remote.AbstractRemoteTestNG.run(AbstractRemoteTestNG.java:115)
at org.testng.remote.RemoteTestNG.initAndRun(RemoteTestNG.java:251)
at org.testng.remote.RemoteTestNG.main(RemoteTestNG.java:77)
]]>
						</full-stacktrace>
					</exception> <!-- org.openqa.selenium.ElementClickInterceptedException -->
					<reporter-output>
					</reporter-output>
				</test-method> <!-- verifyCurrencyConversion -->
				<test-method status="PASS"
					signature="verifyCurrencyConversion(java.lang.String, java.lang.String, java.lang.String)[pri:2, instance:org.xe.conversion.uat.testcases.XeConversionTestBase@10fd1]"
					name="verifyCurrencyConversion" duration-ms="93827"
					started-at="2021-11-24T22:58:15 IST"
					description="Verify currency conversion functionality"
					data-provider="currencyConversionData"
					finished-at="2021-11-24T22:59:49 IST">
					<params>
						<param index="0">
							<value>
                <![CDATA[11]]>
							</value>
						</param>
						<param index="1">
							<value>
                <![CDATA[EUR]]>
							</value>
						</param>
						<param index="2">
							<value>
                <![CDATA[GBP]]>
							</value>
						</param>
					</params>
					<reporter-output>
					</reporter-output>
				</test-method> <!-- verifyCurrencyConversion -->
				<test-method status="PASS"
					signature="verifyCurrencyConversion(java.lang.String, java.lang.String, java.lang.String)[pri:2, instance:org.xe.conversion.uat.testcases.XeConversionTestBase@10fd1]"
					name="verifyCurrencyConversion" duration-ms="20109"
					started-at="2021-11-24T22:59:49 IST"
					description="Verify currency conversion functionality"
					data-provider="currencyConversionData"
					finished-at="2021-11-24T23:00:09 IST">
					<params>
						<param index="0">
							<value>
                <![CDATA[31]]>
							</value>
						</param>
						<param index="1">
							<value>
                <![CDATA[GBP]]>
							</value>
						</param>
						<param index="2">
							<value>
                <![CDATA[USD]]>
							</value>
						</param>
					</params>
					<reporter-output>
					</reporter-output>
				</test-method> <!-- verifyCurrencyConversion -->
				<test-method status="PASS"
					signature="verifyCurrencyConversion(java.lang.String, java.lang.String, java.lang.String)[pri:2, instance:org.xe.conversion.uat.testcases.XeConversionTestBase@10fd1]"
					name="verifyCurrencyConversion" duration-ms="19228"
					started-at="2021-11-24T23:00:09 IST"
					description="Verify currency conversion functionality"
					data-provider="currencyConversionData"
					finished-at="2021-11-24T23:00:29 IST">
					<params>
						<param index="0">
							<value>
                <![CDATA[1.01]]>
							</value>
						</param>
						<param index="1">
							<value>
                <![CDATA[USD]]>
							</value>
						</param>
						<param index="2">
							<value>
                <![CDATA[EUR]]>
							</value>
						</param>
					</params>
					<reporter-output>
					</reporter-output>
				</test-method> <!-- verifyCurrencyConversion -->
				<test-method status="PASS"
					signature="verifyCurrencyConversion(java.lang.String, java.lang.String, java.lang.String)[pri:2, instance:org.xe.conversion.uat.testcases.XeConversionTestBase@10fd1]"
					name="verifyCurrencyConversion" duration-ms="18159"
					started-at="2021-11-24T23:00:29 IST"
					description="Verify currency conversion functionality"
					data-provider="currencyConversionData"
					finished-at="2021-11-24T23:00:47 IST">
					<params>
						<param index="0">
							<value>
                <![CDATA[8]]>
							</value>
						</param>
						<param index="1">
							<value>
                <![CDATA[GBP]]>
							</value>
						</param>
						<param index="2">
							<value>
                <![CDATA[EUR]]>
							</value>
						</param>
					</params>
					<reporter-output>
					</reporter-output>
				</test-method> <!-- verifyCurrencyConversion -->
				<test-method status="PASS"
					signature="tearDown()[pri:0, instance:org.xe.conversion.uat.testcases.XeConversionTestBase@10fd1]"
					name="tearDown" is-config="true" duration-ms="986"
					started-at="2021-11-24T23:00:47 IST"
					finished-at="2021-11-24T23:00:48 IST">
					<reporter-output>
					</reporter-output>
				</test-method> <!-- tearDown -->
			</class> <!-- org.xe.conversion.uat.testcases.XeConversionTestBase -->
		</test> <!-- Default test -->
	</suite> <!-- Default suite -->
</testng-results>
